2025-06-11 12:51:06,137 [INFO] [MainThread] [root/log.py:59]: YASB v1.7.5
2025-06-11 12:51:06,137 [INFO] [Thread-1 (_run_server)] [cli_server/cli_server.py:212]: CLI server started v1.1.1
2025-06-11 12:51:06,137 [INFO] [MainThread] [cli_server/cli_server.py:104]: Log pipe server started
2025-06-11 12:51:06,161 [INFO] [MainThread] [root/config.py:61]: Created default config file at C:\Users\kenneth.lieyanto\.config\yasb\config.yaml
2025-06-11 12:51:06,198 [INFO] [MainThread] [root/config.py:75]: Created default stylesheet at C:\Users\kenneth.lieyanto\.config\yasb\styles.css
2025-06-11 12:51:06,341 [DEBUG] [MainThread] [tzlocal/win32.py:55]: Looking up time zone info from registry
2025-06-11 12:51:06,666 [ERROR] [MainThread] [root/weather.py:168]: API key or location is missing. Please provide a valid API key and location.
2025-06-11 12:51:06,666 [DEBUG] [MainThread] [comtypes/__init__.py:149]: CoInitializeEx(None, 2)
2025-06-11 12:51:07,716 [INFO] [MainThread] [root/bar_manager.py:67]: Starting SystemEventListener...
2025-06-11 12:51:07,716 [INFO] [MainThread] [root/bar_manager.py:67]: Starting WindowsNotificationEventListener...
2025-06-11 12:51:07,716 [INFO] [MainThread] [root/bar_manager.py:67]: Starting KomorebiEventListener...
2025-06-11 12:51:07,716 [INFO] [MainThread] [root/watcher.py:55]: Created file watcher for path C:\Users\kenneth.lieyanto\.config\yasb
2025-06-11 12:51:07,747 [INFO] [Dummy-5] [root/event_listener.py:53]: Created named pipe yasb-11d52a1e-4688-11f0-b078-f47b09de9b3e
2025-06-11 12:51:07,784 [DEBUG] [MainThread] [qasync._windows._EventPoller/_windows.py:213]: Starting (proactor: <_IocpProactor overlapped#=0 result#=0>)...
2025-06-11 12:51:07,787 [DEBUG] [Dummy-8] [qasync._windows._EventWorker/_windows.py:192]: Thread started
2025-06-11 12:51:07,883 [INFO] [Dummy-5] [root/event_listener.py:127]: Komorebi connected to named pipe: yasb-11d52a1e-4688-11f0-b078-f47b09de9b3e
2025-06-11 12:51:28,504 [WARNING] [Dummy-5] [root/event_listener.py:84]: Pipe has been ended: (109, 'PeekNamedPipe', 'The pipe has been ended.')
2025-06-11 12:51:28,504 [INFO] [Dummy-5] [root/event_listener.py:94]: Attempting to reconnect to Komorebi...
2025-06-11 12:51:31,508 [INFO] [Dummy-5] [root/event_listener.py:53]: Created named pipe yasb-11d52a1e-4688-11f0-b078-f47b09de9b3e
2025-06-11 12:52:17,717 [INFO] [Dummy-5] [root/event_listener.py:127]: Komorebi connected to named pipe: yasb-11d52a1e-4688-11f0-b078-f47b09de9b3e
2025-06-11 17:00:44,932 [DEBUG] [MainThread] [qasync._windows._EventPoller/_windows.py:218]: Stopping worker thread...
2025-06-11 17:00:44,937 [DEBUG] [Dummy-8] [qasync._windows._EventWorker/_windows.py:201]: Exiting thread
2025-06-11 17:00:44,942 [DEBUG] [MainThread] [qasync._windows._IocpProactor/_windows.py:75]: Closing
2025-06-12 08:01:16,185 [INFO] [MainThread] [root/log.py:59]: YASB v1.7.5
2025-06-12 08:01:16,185 [INFO] [Thread-1 (_run_server)] [cli_server/cli_server.py:212]: CLI server started v1.1.1
2025-06-12 08:01:16,185 [INFO] [MainThread] [cli_server/cli_server.py:104]: Log pipe server started
2025-06-12 08:01:16,696 [DEBUG] [MainThread] [tzlocal/win32.py:55]: Looking up time zone info from registry
2025-06-12 08:01:19,026 [ERROR] [MainThread] [root/weather.py:168]: API key or location is missing. Please provide a valid API key and location.
2025-06-12 08:01:19,054 [DEBUG] [MainThread] [comtypes/__init__.py:149]: CoInitializeEx(None, 2)
2025-06-12 08:01:20,165 [INFO] [MainThread] [root/bar_manager.py:67]: Starting WindowsNotificationEventListener...
2025-06-12 08:01:20,165 [INFO] [MainThread] [root/bar_manager.py:67]: Starting KomorebiEventListener...
2025-06-12 08:01:20,165 [INFO] [MainThread] [root/bar_manager.py:67]: Starting SystemEventListener...
2025-06-12 08:01:20,165 [INFO] [MainThread] [root/watcher.py:55]: Created file watcher for path C:\Users\kenneth.lieyanto\.config\yasb
2025-06-12 08:01:20,598 [INFO] [Dummy-5] [root/event_listener.py:53]: Created named pipe yasb-c0752b7a-4728-11f0-827c-f47b09de9b3e
2025-06-12 08:01:20,645 [DEBUG] [MainThread] [qasync._windows._EventPoller/_windows.py:213]: Starting (proactor: <_IocpProactor overlapped#=0 result#=0>)...
2025-06-12 08:01:20,651 [DEBUG] [Dummy-8] [qasync._windows._EventWorker/_windows.py:192]: Thread started
2025-06-12 08:01:20,738 [INFO] [Dummy-5] [root/event_listener.py:127]: Komorebi connected to named pipe: yasb-c0752b7a-4728-11f0-827c-f47b09de9b3e
2025-06-15 00:10:46,552 [ERROR] [Dummy-10] [root/windows_notification.py:46]: Error updating notification count: [WinError -2147221164] Class not registered
2025-06-15 01:45:46,986 [ERROR] [Dummy-10] [root/windows_notification.py:46]: Error updating notification count: [WinError -2147221164] Class not registered
2025-06-16 01:47:47,355 [ERROR] [Dummy-10] [root/windows_notification.py:46]: Error updating notification count: [WinError -2147221164] Class not registered
2025-06-16 08:04:22,727 [INFO] [MainThread] [root/log.py:59]: YASB v1.7.5
2025-06-16 08:04:22,727 [INFO] [Thread-1 (_run_server)] [cli_server/cli_server.py:212]: CLI server started v1.1.1
2025-06-16 08:04:22,727 [INFO] [MainThread] [cli_server/cli_server.py:104]: Log pipe server started
2025-06-16 08:04:23,349 [DEBUG] [MainThread] [tzlocal/win32.py:55]: Looking up time zone info from registry
2025-06-16 08:04:29,074 [ERROR] [MainThread] [root/weather.py:168]: API key or location is missing. Please provide a valid API key and location.
2025-06-16 08:04:29,107 [DEBUG] [MainThread] [comtypes/__init__.py:149]: CoInitializeEx(None, 2)
2025-06-16 08:04:30,243 [INFO] [MainThread] [root/bar_manager.py:67]: Starting KomorebiEventListener...
2025-06-16 08:04:30,243 [INFO] [MainThread] [root/bar_manager.py:67]: Starting SystemEventListener...
2025-06-16 08:04:30,243 [INFO] [MainThread] [root/bar_manager.py:67]: Starting WindowsNotificationEventListener...
2025-06-16 08:04:30,249 [INFO] [Dummy-3] [root/event_listener.py:53]: Created named pipe yasb-db67d1b5-4a4d-11f0-a157-f47b09de9b3e
2025-06-16 08:04:30,249 [INFO] [MainThread] [root/watcher.py:55]: Created file watcher for path C:\Users\kenneth.lieyanto\.config\yasb
2025-06-16 08:04:30,867 [INFO] [Dummy-3] [root/event_listener.py:127]: Komorebi connected to named pipe: yasb-db67d1b5-4a4d-11f0-a157-f47b09de9b3e
2025-06-16 08:04:30,920 [DEBUG] [MainThread] [qasync._windows._EventPoller/_windows.py:213]: Starting (proactor: <_IocpProactor overlapped#=0 result#=0>)...
2025-06-16 08:04:30,920 [DEBUG] [Dummy-9] [qasync._windows._EventWorker/_windows.py:192]: Thread started
2025-06-16 19:56:31,362 [INFO] [MainThread] [root/bar_manager.py:62]: Screens updated. Re-initialising all bars.
2025-06-16 19:56:31,389 [INFO] [MainThread] [root/controller.py:13]: Reloading Application because of screen update.
2025-06-16 19:56:31,495 [INFO] [MainThread] [cli_server/cli_server.py:112]: Log pipe server stopped
2025-06-16 19:56:31,495 [DEBUG] [MainThread] [cli_server/cli_server.py:206]: CLI server stopped
2025-06-16 19:56:33,011 [INFO] [MainThread] [root/bar_manager.py:62]: Screens updated. Re-initialising all bars.
2025-06-16 19:56:33,028 [INFO] [MainThread] [root/controller.py:13]: Reloading Application because of screen update.
2025-06-16 19:56:33,131 [INFO] [MainThread] [cli_server/cli_server.py:112]: Log pipe server stopped
2025-06-16 19:56:33,132 [DEBUG] [MainThread] [cli_server/cli_server.py:206]: CLI server stopped
2025-06-16 19:56:36,927 [INFO] [MainThread] [root/log.py:59]: YASB v1.7.5
2025-06-16 19:56:36,927 [INFO] [Thread-1 (_run_server)] [cli_server/cli_server.py:212]: CLI server started v1.1.1
2025-06-16 19:56:36,927 [INFO] [MainThread] [cli_server/cli_server.py:104]: Log pipe server started
2025-06-16 19:56:37,756 [DEBUG] [MainThread] [tzlocal/win32.py:55]: Looking up time zone info from registry
2025-06-16 19:56:41,326 [ERROR] [MainThread] [root/weather.py:168]: API key or location is missing. Please provide a valid API key and location.
2025-06-16 19:56:41,367 [DEBUG] [MainThread] [comtypes/__init__.py:149]: CoInitializeEx(None, 2)
2025-06-16 19:56:42,992 [INFO] [MainThread] [root/bar_manager.py:67]: Starting KomorebiEventListener...
2025-06-16 19:56:42,992 [INFO] [MainThread] [root/bar_manager.py:67]: Starting SystemEventListener...
2025-06-16 19:56:42,992 [INFO] [MainThread] [root/bar_manager.py:67]: Starting WindowsNotificationEventListener...
2025-06-16 19:56:42,992 [INFO] [MainThread] [root/watcher.py:55]: Created file watcher for path C:\Users\kenneth.lieyanto\.config\yasb
2025-06-16 19:56:42,992 [INFO] [Dummy-5] [root/event_listener.py:53]: Created named pipe yasb-5a1bdb67-4ab1-11f0-bf85-f47b09de9b3e
2025-06-16 19:56:43,646 [INFO] [Dummy-5] [root/event_listener.py:127]: Komorebi connected to named pipe: yasb-5a1bdb67-4ab1-11f0-bf85-f47b09de9b3e
2025-06-16 19:56:43,703 [DEBUG] [MainThread] [qasync._windows._EventPoller/_windows.py:213]: Starting (proactor: <_IocpProactor overlapped#=0 result#=0>)...
2025-06-16 19:56:43,706 [DEBUG] [Dummy-9] [qasync._windows._EventWorker/_windows.py:192]: Thread started
2025-06-17 08:02:11,806 [INFO] [MainThread] [root/bar.py:136]: Screen geometry changed. Updating position for bar (primary-bar_DISPLAY1_5f343d47)
2025-06-17 08:03:03,330 [INFO] [MainThread] [root/bar_manager.py:62]: Screens updated. Re-initialising all bars.
2025-06-17 08:03:03,331 [INFO] [MainThread] [root/controller.py:13]: Reloading Application because of screen update.
2025-06-17 08:03:03,443 [INFO] [MainThread] [cli_server/cli_server.py:112]: Log pipe server stopped
2025-06-17 08:03:03,443 [DEBUG] [MainThread] [cli_server/cli_server.py:206]: CLI server stopped
2025-06-17 08:05:27,365 [INFO] [MainThread] [root/log.py:59]: YASB v1.7.5
2025-06-17 08:05:27,366 [INFO] [Thread-1 (_run_server)] [cli_server/cli_server.py:212]: CLI server started v1.1.1
2025-06-17 08:05:27,366 [INFO] [MainThread] [cli_server/cli_server.py:104]: Log pipe server started
2025-06-17 08:05:28,027 [DEBUG] [MainThread] [tzlocal/win32.py:55]: Looking up time zone info from registry
2025-06-17 08:05:30,893 [ERROR] [MainThread] [root/weather.py:168]: API key or location is missing. Please provide a valid API key and location.
2025-06-17 08:05:30,936 [DEBUG] [MainThread] [comtypes/__init__.py:149]: CoInitializeEx(None, 2)
2025-06-17 08:05:31,806 [INFO] [MainThread] [root/bar_manager.py:67]: Starting WindowsNotificationEventListener...
2025-06-17 08:05:31,807 [INFO] [MainThread] [root/bar_manager.py:67]: Starting KomorebiEventListener...
2025-06-17 08:05:31,807 [INFO] [MainThread] [root/bar_manager.py:67]: Starting SystemEventListener...
2025-06-17 08:05:31,808 [INFO] [MainThread] [root/watcher.py:55]: Created file watcher for path C:\Users\kenneth.lieyanto\.config\yasb
2025-06-17 08:05:32,240 [INFO] [Dummy-5] [root/event_listener.py:53]: Created named pipe yasb-2a837e05-4b17-11f0-ab12-f47b09de9b3e
2025-06-17 08:05:32,314 [DEBUG] [MainThread] [qasync._windows._EventPoller/_windows.py:213]: Starting (proactor: <_IocpProactor overlapped#=0 result#=0>)...
2025-06-17 08:05:32,314 [DEBUG] [Dummy-8] [qasync._windows._EventWorker/_windows.py:192]: Thread started
2025-06-17 08:05:32,415 [INFO] [Dummy-5] [root/event_listener.py:127]: Komorebi connected to named pipe: yasb-2a837e05-4b17-11f0-ab12-f47b09de9b3e
2025-06-17 08:32:47,004 [ERROR] [MainThread] [root/config.py:119]: The file 'C:\Users\kenneth.lieyanto\.config\yasb\config.yaml' contains Parser Error(s). Please fix:
while parsing a block mapping
  in "C:\Users\kenneth.lieyanto\.config\yasb\config.yaml", line 62, column 7
expected <block end>, but found '-'
  in "C:\Users\kenneth.lieyanto\.config\yasb\config.yaml", line 65, column 7
2025-06-17 08:34:26,913 [INFO] [MainThread] [root/log.py:59]: YASB v1.7.5
2025-06-17 08:34:26,914 [INFO] [Thread-1 (_run_server)] [cli_server/cli_server.py:212]: CLI server started v1.1.1
2025-06-17 08:34:26,914 [INFO] [MainThread] [cli_server/cli_server.py:104]: Log pipe server started
2025-06-17 08:34:26,914 [ERROR] [MainThread] [root/main.py:35]: Another instance of the YASB is already running.
2025-06-17 08:36:08,410 [ERROR] [MainThread] [root/config.py:119]: The file 'C:\Users\kenneth.lieyanto\.config\yasb\config.yaml' contains Parser Error(s). Please fix:
while parsing a block mapping
  in "C:\Users\kenneth.lieyanto\.config\yasb\config.yaml", line 63, column 7
expected <block end>, but found '-'
  in "C:\Users\kenneth.lieyanto\.config\yasb\config.yaml", line 66, column 7
2025-06-17 08:36:13,949 [INFO] [MainThread] [root/log.py:59]: YASB v1.7.5
2025-06-17 08:36:13,949 [INFO] [Thread-1 (_run_server)] [cli_server/cli_server.py:212]: CLI server started v1.1.1
2025-06-17 08:36:13,951 [INFO] [MainThread] [cli_server/cli_server.py:104]: Log pipe server started
2025-06-17 08:36:13,951 [ERROR] [MainThread] [root/main.py:35]: Another instance of the YASB is already running.
2025-06-17 08:40:06,742 [INFO] [MainThread] [root/log.py:59]: YASB v1.7.5
2025-06-17 08:40:06,743 [INFO] [Thread-1 (_run_server)] [cli_server/cli_server.py:212]: CLI server started v1.1.1
2025-06-17 08:40:06,743 [INFO] [MainThread] [cli_server/cli_server.py:104]: Log pipe server started
2025-06-17 08:40:06,808 [ERROR] [MainThread] [root/config.py:119]: The file 'C:\Users\kenneth.lieyanto\.config\yasb\config.yaml' contains Parser Error(s). Please fix:
while parsing a block mapping
  in "C:\Users\kenneth.lieyanto\.config\yasb\config.yaml", line 63, column 7
expected <block end>, but found '-'
  in "C:\Users\kenneth.lieyanto\.config\yasb\config.yaml", line 66, column 7
2025-06-17 08:40:06,824 [ERROR] [MainThread] [root/config.py:162]: User config file could not be loaded. Exiting Application.
2025-06-17 08:40:12,687 [INFO] [MainThread] [root/log.py:59]: YASB v1.7.5
2025-06-17 08:40:12,687 [INFO] [Thread-1 (_run_server)] [cli_server/cli_server.py:212]: CLI server started v1.1.1
2025-06-17 08:40:12,687 [INFO] [MainThread] [cli_server/cli_server.py:104]: Log pipe server started
2025-06-17 08:40:12,716 [ERROR] [MainThread] [root/config.py:119]: The file 'C:\Users\kenneth.lieyanto\.config\yasb\config.yaml' contains Parser Error(s). Please fix:
while parsing a block mapping
  in "C:\Users\kenneth.lieyanto\.config\yasb\config.yaml", line 63, column 7
expected <block end>, but found '-'
  in "C:\Users\kenneth.lieyanto\.config\yasb\config.yaml", line 66, column 7
2025-06-17 08:40:12,716 [ERROR] [MainThread] [root/config.py:162]: User config file could not be loaded. Exiting Application.
2025-06-17 08:40:16,918 [INFO] [MainThread] [root/log.py:59]: YASB v1.7.5
2025-06-17 08:40:16,918 [INFO] [Thread-1 (_run_server)] [cli_server/cli_server.py:212]: CLI server started v1.1.1
2025-06-17 08:40:16,918 [INFO] [MainThread] [cli_server/cli_server.py:104]: Log pipe server started
2025-06-17 08:40:16,934 [ERROR] [MainThread] [root/config.py:119]: The file 'C:\Users\kenneth.lieyanto\.config\yasb\config.yaml' contains Parser Error(s). Please fix:
while parsing a block mapping
  in "C:\Users\kenneth.lieyanto\.config\yasb\config.yaml", line 63, column 7
expected <block end>, but found '-'
  in "C:\Users\kenneth.lieyanto\.config\yasb\config.yaml", line 66, column 7
2025-06-17 08:40:16,934 [ERROR] [MainThread] [root/config.py:162]: User config file could not be loaded. Exiting Application.
2025-06-17 08:40:43,860 [INFO] [MainThread] [root/log.py:59]: YASB v1.7.5
2025-06-17 08:40:43,862 [INFO] [Thread-1 (_run_server)] [cli_server/cli_server.py:212]: CLI server started v1.1.1
2025-06-17 08:40:43,862 [INFO] [MainThread] [cli_server/cli_server.py:104]: Log pipe server started
2025-06-17 08:40:43,876 [ERROR] [MainThread] [root/config.py:119]: The file 'C:\Users\kenneth.lieyanto\.config\yasb\config.yaml' contains Parser Error(s). Please fix:
while parsing a block mapping
  in "C:\Users\kenneth.lieyanto\.config\yasb\config.yaml", line 63, column 7
expected <block end>, but found '-'
  in "C:\Users\kenneth.lieyanto\.config\yasb\config.yaml", line 66, column 7
2025-06-17 08:40:43,888 [ERROR] [MainThread] [root/config.py:162]: User config file could not be loaded. Exiting Application.
2025-06-17 08:41:39,375 [INFO] [MainThread] [root/log.py:59]: YASB v1.7.5
2025-06-17 08:41:39,375 [INFO] [Thread-1 (_run_server)] [cli_server/cli_server.py:212]: CLI server started v1.1.1
2025-06-17 08:41:39,375 [INFO] [MainThread] [cli_server/cli_server.py:104]: Log pipe server started
2025-06-17 08:41:39,415 [ERROR] [MainThread] [root/config.py:119]: The file 'C:\Users\kenneth.lieyanto\.config\yasb\config.yaml' contains Parser Error(s). Please fix:
while parsing a block mapping
  in "C:\Users\kenneth.lieyanto\.config\yasb\config.yaml", line 63, column 7
expected <block end>, but found '-'
  in "C:\Users\kenneth.lieyanto\.config\yasb\config.yaml", line 66, column 7
2025-06-17 08:41:39,415 [ERROR] [MainThread] [root/config.py:162]: User config file could not be loaded. Exiting Application.
2025-06-17 08:42:02,160 [INFO] [MainThread] [root/log.py:59]: YASB v1.7.5
2025-06-17 08:42:02,160 [INFO] [Thread-1 (_run_server)] [cli_server/cli_server.py:212]: CLI server started v1.1.1
2025-06-17 08:42:02,160 [INFO] [MainThread] [cli_server/cli_server.py:104]: Log pipe server started
2025-06-17 08:42:02,192 [ERROR] [MainThread] [root/config.py:119]: The file 'C:\Users\kenneth.lieyanto\.config\yasb\config.yaml' contains Parser Error(s). Please fix:
while parsing a block mapping
  in "C:\Users\kenneth.lieyanto\.config\yasb\config.yaml", line 63, column 7
expected <block end>, but found '-'
  in "C:\Users\kenneth.lieyanto\.config\yasb\config.yaml", line 66, column 7
2025-06-17 08:42:02,192 [ERROR] [MainThread] [root/config.py:162]: User config file could not be loaded. Exiting Application.
2025-06-17 08:43:39,698 [INFO] [MainThread] [root/log.py:59]: YASB v1.7.5
2025-06-17 08:43:39,698 [INFO] [Thread-1 (_run_server)] [cli_server/cli_server.py:212]: CLI server started v1.1.1
2025-06-17 08:43:39,698 [INFO] [MainThread] [cli_server/cli_server.py:104]: Log pipe server started
2025-06-17 08:43:39,723 [ERROR] [MainThread] [root/config.py:119]: The file 'C:\Users\kenneth.lieyanto\.config\yasb\config.yaml' contains Parser Error(s). Please fix:
while parsing a block mapping
  in "C:\Users\kenneth.lieyanto\.config\yasb\config.yaml", line 63, column 7
expected <block end>, but found '-'
  in "C:\Users\kenneth.lieyanto\.config\yasb\config.yaml", line 66, column 7
2025-06-17 08:43:39,723 [ERROR] [MainThread] [root/config.py:162]: User config file could not be loaded. Exiting Application.
2025-06-17 08:44:08,355 [INFO] [MainThread] [root/log.py:59]: YASB v1.7.5
2025-06-17 08:44:08,355 [INFO] [Thread-1 (_run_server)] [cli_server/cli_server.py:212]: CLI server started v1.1.1
2025-06-17 08:44:08,355 [INFO] [MainThread] [cli_server/cli_server.py:104]: Log pipe server started
2025-06-17 08:44:08,396 [ERROR] [MainThread] [root/config.py:119]: The file 'C:\Users\kenneth.lieyanto\.config\yasb\config.yaml' contains Parser Error(s). Please fix:
while parsing a block mapping
  in "C:\Users\kenneth.lieyanto\.config\yasb\config.yaml", line 63, column 7
expected <block end>, but found '-'
  in "C:\Users\kenneth.lieyanto\.config\yasb\config.yaml", line 66, column 7
2025-06-17 08:44:08,398 [ERROR] [MainThread] [root/config.py:162]: User config file could not be loaded. Exiting Application.
2025-06-17 08:44:36,375 [INFO] [MainThread] [root/log.py:59]: YASB v1.7.5
2025-06-17 08:44:36,375 [INFO] [Thread-1 (_run_server)] [cli_server/cli_server.py:212]: CLI server started v1.1.1
2025-06-17 08:44:36,377 [INFO] [MainThread] [cli_server/cli_server.py:104]: Log pipe server started
2025-06-17 08:44:36,381 [DEBUG] [Thread-2 (_run_server)] [cli_server/cli_server.py:143]: Log pipe server client connected
2025-06-17 08:44:36,398 [ERROR] [MainThread] [root/config.py:119]: The file 'C:\Users\kenneth.lieyanto\.config\yasb\config.yaml' contains Parser Error(s). Please fix:
while parsing a block mapping
  in "C:\Users\kenneth.lieyanto\.config\yasb\config.yaml", line 63, column 7
expected <block end>, but found '-'
  in "C:\Users\kenneth.lieyanto\.config\yasb\config.yaml", line 66, column 7
2025-06-17 08:44:36,398 [ERROR] [MainThread] [root/config.py:162]: User config file could not be loaded. Exiting Application.
2025-06-17 08:45:28,443 [INFO] [MainThread] [root/log.py:59]: YASB v1.7.5
2025-06-17 08:45:28,443 [INFO] [Thread-1 (_run_server)] [cli_server/cli_server.py:212]: CLI server started v1.1.1
2025-06-17 08:45:28,443 [INFO] [MainThread] [cli_server/cli_server.py:104]: Log pipe server started
2025-06-17 08:45:28,507 [DEBUG] [Thread-2 (_run_server)] [cli_server/cli_server.py:143]: Log pipe server client connected
2025-06-17 08:45:28,626 [DEBUG] [MainThread] [tzlocal/win32.py:55]: Looking up time zone info from registry
2025-06-17 08:45:28,792 [ERROR] [MainThread] [root/weather.py:168]: API key or location is missing. Please provide a valid API key and location.
2025-06-17 08:45:28,811 [DEBUG] [MainThread] [comtypes/__init__.py:149]: CoInitializeEx(None, 2)
2025-06-17 08:45:29,605 [INFO] [MainThread] [root/bar_manager.py:67]: Starting SystemEventListener...
2025-06-17 08:45:29,605 [INFO] [MainThread] [root/bar_manager.py:67]: Starting WindowsNotificationEventListener...
2025-06-17 08:45:29,605 [INFO] [MainThread] [root/bar_manager.py:67]: Starting KomorebiEventListener...
2025-06-17 08:45:29,605 [INFO] [MainThread] [root/watcher.py:55]: Created file watcher for path C:\Users\kenneth.lieyanto\.config\yasb
2025-06-17 08:45:29,632 [INFO] [Dummy-5] [root/event_listener.py:53]: Created named pipe yasb-bfb662e1-4b1c-11f0-98e3-f47b09de9b3e
2025-06-17 08:45:29,672 [DEBUG] [MainThread] [qasync._windows._EventPoller/_windows.py:213]: Starting (proactor: <_IocpProactor overlapped#=0 result#=0>)...
2025-06-17 08:45:29,672 [DEBUG] [Dummy-8] [qasync._windows._EventWorker/_windows.py:192]: Thread started
2025-06-17 08:45:29,778 [INFO] [Dummy-5] [root/event_listener.py:127]: Komorebi connected to named pipe: yasb-bfb662e1-4b1c-11f0-98e3-f47b09de9b3e
2025-06-17 08:47:08,111 [ERROR] [MainThread] [root/bar_manager.py:50]: Error loading config: while scanning a double-quoted scalar
  in "C:\Users\kenneth.lieyanto\.config\yasb\config.yaml", line 267, column 18
expected escape sequence of 8 hexadecimal numbers, but found 's'
  in "C:\Users\kenneth.lieyanto\.config\yasb\config.yaml", line 267, column 30
2025-06-17 08:47:18,467 [ERROR] [MainThread] [root/bar_manager.py:50]: Error loading config: while scanning a double-quoted scalar
  in "C:\Users\kenneth.lieyanto\.config\yasb\config.yaml", line 268, column 18
expected escape sequence of 8 hexadecimal numbers, but found 's'
  in "C:\Users\kenneth.lieyanto\.config\yasb\config.yaml", line 268, column 30
2025-06-17 08:47:25,652 [INFO] [Thread-1 (_run_server)] [cli_server/cli_server.py:253]: CLI server received command: stop
2025-06-17 08:47:25,652 [INFO] [Thread-1 (_run_server)] [root/controller.py:28]: Exiting Application from CLI...
2025-06-17 08:47:25,764 [INFO] [Thread-1 (_run_server)] [cli_server/cli_server.py:112]: Log pipe server stopped
2025-06-17 08:47:25,764 [DEBUG] [Thread-1 (_run_server)] [cli_server/cli_server.py:206]: CLI server stopped
2025-06-17 08:47:25,764 [DEBUG] [MainThread] [qasync._windows._EventPoller/_windows.py:218]: Stopping worker thread...
2025-06-17 08:47:25,780 [DEBUG] [Dummy-8] [qasync._windows._EventWorker/_windows.py:201]: Exiting thread
2025-06-17 08:47:25,780 [DEBUG] [MainThread] [qasync._windows._IocpProactor/_windows.py:75]: Closing
2025-06-17 08:47:28,198 [INFO] [MainThread] [root/log.py:59]: YASB v1.7.5
2025-06-17 08:47:28,198 [INFO] [Thread-1 (_run_server)] [cli_server/cli_server.py:212]: CLI server started v1.1.1
2025-06-17 08:47:28,198 [INFO] [MainThread] [cli_server/cli_server.py:104]: Log pipe server started
2025-06-17 08:47:28,236 [ERROR] [MainThread] [root/main.py:99]: Exception during application startup
Traceback (most recent call last):
  File "main.py", line 97, in <module>
  File "main.py", line 50, in main
  File "D:\a\yasb\yasb\src\core\config.py", line 149, in get_config_and_stylesheet
  File "D:\a\yasb\yasb\src\core\config.py", line 104, in get_config
  File "D:\a\yasb\yasb\venv\Lib\site-packages\yaml\__init__.py", line 125, in safe_load
  File "D:\a\yasb\yasb\venv\Lib\site-packages\yaml\__init__.py", line 81, in load
  File "D:\a\yasb\yasb\venv\Lib\site-packages\yaml\constructor.py", line 49, in get_single_data
  File "D:\a\yasb\yasb\venv\Lib\site-packages\yaml\composer.py", line 36, in get_single_node
  File "D:\a\yasb\yasb\venv\Lib\site-packages\yaml\composer.py", line 55, in compose_document
  File "D:\a\yasb\yasb\venv\Lib\site-packages\yaml\composer.py", line 84, in compose_node
  File "D:\a\yasb\yasb\venv\Lib\site-packages\yaml\composer.py", line 133, in compose_mapping_node
  File "D:\a\yasb\yasb\venv\Lib\site-packages\yaml\composer.py", line 84, in compose_node
  File "D:\a\yasb\yasb\venv\Lib\site-packages\yaml\composer.py", line 133, in compose_mapping_node
  File "D:\a\yasb\yasb\venv\Lib\site-packages\yaml\composer.py", line 84, in compose_node
  File "D:\a\yasb\yasb\venv\Lib\site-packages\yaml\composer.py", line 133, in compose_mapping_node
  File "D:\a\yasb\yasb\venv\Lib\site-packages\yaml\composer.py", line 84, in compose_node
  File "D:\a\yasb\yasb\venv\Lib\site-packages\yaml\composer.py", line 133, in compose_mapping_node
  File "D:\a\yasb\yasb\venv\Lib\site-packages\yaml\composer.py", line 84, in compose_node
  File "D:\a\yasb\yasb\venv\Lib\site-packages\yaml\composer.py", line 133, in compose_mapping_node
  File "D:\a\yasb\yasb\venv\Lib\site-packages\yaml\composer.py", line 64, in compose_node
  File "D:\a\yasb\yasb\venv\Lib\site-packages\yaml\parser.py", line 98, in check_event
  File "D:\a\yasb\yasb\venv\Lib\site-packages\yaml\parser.py", line 449, in parse_block_mapping_value
  File "D:\a\yasb\yasb\venv\Lib\site-packages\yaml\scanner.py", line 116, in check_token
  File "D:\a\yasb\yasb\venv\Lib\site-packages\yaml\scanner.py", line 251, in fetch_more_tokens
  File "D:\a\yasb\yasb\venv\Lib\site-packages\yaml\scanner.py", line 655, in fetch_double
  File "D:\a\yasb\yasb\venv\Lib\site-packages\yaml\scanner.py", line 666, in fetch_flow_scalar
  File "D:\a\yasb\yasb\venv\Lib\site-packages\yaml\scanner.py", line 1152, in scan_flow_scalar
  File "D:\a\yasb\yasb\venv\Lib\site-packages\yaml\scanner.py", line 1213, in scan_flow_scalar_non_spaces
yaml.scanner.ScannerError: while scanning a double-quoted scalar
  in "C:\Users\kenneth.lieyanto\.config\yasb\config.yaml", line 268, column 18
expected escape sequence of 8 hexadecimal numbers, but found 's'
  in "C:\Users\kenneth.lieyanto\.config\yasb\config.yaml", line 268, column 30
2025-06-17 08:47:32,696 [INFO] [MainThread] [root/log.py:59]: YASB v1.7.5
2025-06-17 08:47:32,696 [INFO] [Thread-1 (_run_server)] [cli_server/cli_server.py:212]: CLI server started v1.1.1
2025-06-17 08:47:32,696 [INFO] [MainThread] [cli_server/cli_server.py:104]: Log pipe server started
2025-06-17 08:47:32,711 [DEBUG] [Thread-2 (_run_server)] [cli_server/cli_server.py:143]: Log pipe server client connected
2025-06-17 08:47:32,728 [ERROR] [MainThread] [root/main.py:99]: Exception during application startup
Traceback (most recent call last):
  File "main.py", line 97, in <module>
  File "main.py", line 50, in main
  File "D:\a\yasb\yasb\src\core\config.py", line 149, in get_config_and_stylesheet
  File "D:\a\yasb\yasb\src\core\config.py", line 104, in get_config
  File "D:\a\yasb\yasb\venv\Lib\site-packages\yaml\__init__.py", line 125, in safe_load
  File "D:\a\yasb\yasb\venv\Lib\site-packages\yaml\__init__.py", line 81, in load
  File "D:\a\yasb\yasb\venv\Lib\site-packages\yaml\constructor.py", line 49, in get_single_data
  File "D:\a\yasb\yasb\venv\Lib\site-packages\yaml\composer.py", line 36, in get_single_node
  File "D:\a\yasb\yasb\venv\Lib\site-packages\yaml\composer.py", line 55, in compose_document
  File "D:\a\yasb\yasb\venv\Lib\site-packages\yaml\composer.py", line 84, in compose_node
  File "D:\a\yasb\yasb\venv\Lib\site-packages\yaml\composer.py", line 133, in compose_mapping_node
  File "D:\a\yasb\yasb\venv\Lib\site-packages\yaml\composer.py", line 84, in compose_node
  File "D:\a\yasb\yasb\venv\Lib\site-packages\yaml\composer.py", line 133, in compose_mapping_node
  File "D:\a\yasb\yasb\venv\Lib\site-packages\yaml\composer.py", line 84, in compose_node
  File "D:\a\yasb\yasb\venv\Lib\site-packages\yaml\composer.py", line 133, in compose_mapping_node
  File "D:\a\yasb\yasb\venv\Lib\site-packages\yaml\composer.py", line 84, in compose_node
  File "D:\a\yasb\yasb\venv\Lib\site-packages\yaml\composer.py", line 133, in compose_mapping_node
  File "D:\a\yasb\yasb\venv\Lib\site-packages\yaml\composer.py", line 84, in compose_node
  File "D:\a\yasb\yasb\venv\Lib\site-packages\yaml\composer.py", line 133, in compose_mapping_node
  File "D:\a\yasb\yasb\venv\Lib\site-packages\yaml\composer.py", line 64, in compose_node
  File "D:\a\yasb\yasb\venv\Lib\site-packages\yaml\parser.py", line 98, in check_event
  File "D:\a\yasb\yasb\venv\Lib\site-packages\yaml\parser.py", line 449, in parse_block_mapping_value
  File "D:\a\yasb\yasb\venv\Lib\site-packages\yaml\scanner.py", line 116, in check_token
  File "D:\a\yasb\yasb\venv\Lib\site-packages\yaml\scanner.py", line 251, in fetch_more_tokens
  File "D:\a\yasb\yasb\venv\Lib\site-packages\yaml\scanner.py", line 655, in fetch_double
  File "D:\a\yasb\yasb\venv\Lib\site-packages\yaml\scanner.py", line 666, in fetch_flow_scalar
  File "D:\a\yasb\yasb\venv\Lib\site-packages\yaml\scanner.py", line 1152, in scan_flow_scalar
  File "D:\a\yasb\yasb\venv\Lib\site-packages\yaml\scanner.py", line 1213, in scan_flow_scalar_non_spaces
yaml.scanner.ScannerError: while scanning a double-quoted scalar
  in "C:\Users\kenneth.lieyanto\.config\yasb\config.yaml", line 268, column 18
expected escape sequence of 8 hexadecimal numbers, but found 's'
  in "C:\Users\kenneth.lieyanto\.config\yasb\config.yaml", line 268, column 30
2025-06-17 08:48:29,255 [INFO] [MainThread] [root/log.py:59]: YASB v1.7.5
2025-06-17 08:48:29,255 [INFO] [Thread-1 (_run_server)] [cli_server/cli_server.py:212]: CLI server started v1.1.1
2025-06-17 08:48:29,255 [INFO] [MainThread] [cli_server/cli_server.py:104]: Log pipe server started
2025-06-17 08:48:29,290 [ERROR] [MainThread] [root/main.py:99]: Exception during application startup
Traceback (most recent call last):
  File "main.py", line 97, in <module>
  File "main.py", line 50, in main
  File "D:\a\yasb\yasb\src\core\config.py", line 149, in get_config_and_stylesheet
  File "D:\a\yasb\yasb\src\core\config.py", line 104, in get_config
  File "D:\a\yasb\yasb\venv\Lib\site-packages\yaml\__init__.py", line 125, in safe_load
  File "D:\a\yasb\yasb\venv\Lib\site-packages\yaml\__init__.py", line 81, in load
  File "D:\a\yasb\yasb\venv\Lib\site-packages\yaml\constructor.py", line 49, in get_single_data
  File "D:\a\yasb\yasb\venv\Lib\site-packages\yaml\composer.py", line 36, in get_single_node
  File "D:\a\yasb\yasb\venv\Lib\site-packages\yaml\composer.py", line 55, in compose_document
  File "D:\a\yasb\yasb\venv\Lib\site-packages\yaml\composer.py", line 84, in compose_node
  File "D:\a\yasb\yasb\venv\Lib\site-packages\yaml\composer.py", line 133, in compose_mapping_node
  File "D:\a\yasb\yasb\venv\Lib\site-packages\yaml\composer.py", line 84, in compose_node
  File "D:\a\yasb\yasb\venv\Lib\site-packages\yaml\composer.py", line 133, in compose_mapping_node
  File "D:\a\yasb\yasb\venv\Lib\site-packages\yaml\composer.py", line 84, in compose_node
  File "D:\a\yasb\yasb\venv\Lib\site-packages\yaml\composer.py", line 133, in compose_mapping_node
  File "D:\a\yasb\yasb\venv\Lib\site-packages\yaml\composer.py", line 84, in compose_node
  File "D:\a\yasb\yasb\venv\Lib\site-packages\yaml\composer.py", line 133, in compose_mapping_node
  File "D:\a\yasb\yasb\venv\Lib\site-packages\yaml\composer.py", line 84, in compose_node
  File "D:\a\yasb\yasb\venv\Lib\site-packages\yaml\composer.py", line 133, in compose_mapping_node
  File "D:\a\yasb\yasb\venv\Lib\site-packages\yaml\composer.py", line 64, in compose_node
  File "D:\a\yasb\yasb\venv\Lib\site-packages\yaml\parser.py", line 98, in check_event
  File "D:\a\yasb\yasb\venv\Lib\site-packages\yaml\parser.py", line 449, in parse_block_mapping_value
  File "D:\a\yasb\yasb\venv\Lib\site-packages\yaml\scanner.py", line 116, in check_token
  File "D:\a\yasb\yasb\venv\Lib\site-packages\yaml\scanner.py", line 251, in fetch_more_tokens
  File "D:\a\yasb\yasb\venv\Lib\site-packages\yaml\scanner.py", line 655, in fetch_double
  File "D:\a\yasb\yasb\venv\Lib\site-packages\yaml\scanner.py", line 666, in fetch_flow_scalar
  File "D:\a\yasb\yasb\venv\Lib\site-packages\yaml\scanner.py", line 1152, in scan_flow_scalar
  File "D:\a\yasb\yasb\venv\Lib\site-packages\yaml\scanner.py", line 1213, in scan_flow_scalar_non_spaces
yaml.scanner.ScannerError: while scanning a double-quoted scalar
  in "C:\Users\kenneth.lieyanto\.config\yasb\config.yaml", line 267, column 18
expected escape sequence of 8 hexadecimal numbers, but found 's'
  in "C:\Users\kenneth.lieyanto\.config\yasb\config.yaml", line 267, column 30
2025-06-17 08:48:49,190 [INFO] [MainThread] [root/log.py:59]: YASB v1.7.5
2025-06-17 08:48:49,190 [INFO] [Thread-1 (_run_server)] [cli_server/cli_server.py:212]: CLI server started v1.1.1
2025-06-17 08:48:49,190 [INFO] [MainThread] [cli_server/cli_server.py:104]: Log pipe server started
2025-06-17 08:48:49,223 [ERROR] [MainThread] [root/main.py:99]: Exception during application startup
Traceback (most recent call last):
  File "main.py", line 97, in <module>
  File "main.py", line 50, in main
  File "D:\a\yasb\yasb\src\core\config.py", line 149, in get_config_and_stylesheet
  File "D:\a\yasb\yasb\src\core\config.py", line 104, in get_config
  File "D:\a\yasb\yasb\venv\Lib\site-packages\yaml\__init__.py", line 125, in safe_load
  File "D:\a\yasb\yasb\venv\Lib\site-packages\yaml\__init__.py", line 81, in load
  File "D:\a\yasb\yasb\venv\Lib\site-packages\yaml\constructor.py", line 49, in get_single_data
  File "D:\a\yasb\yasb\venv\Lib\site-packages\yaml\composer.py", line 36, in get_single_node
  File "D:\a\yasb\yasb\venv\Lib\site-packages\yaml\composer.py", line 55, in compose_document
  File "D:\a\yasb\yasb\venv\Lib\site-packages\yaml\composer.py", line 84, in compose_node
  File "D:\a\yasb\yasb\venv\Lib\site-packages\yaml\composer.py", line 133, in compose_mapping_node
  File "D:\a\yasb\yasb\venv\Lib\site-packages\yaml\composer.py", line 84, in compose_node
  File "D:\a\yasb\yasb\venv\Lib\site-packages\yaml\composer.py", line 133, in compose_mapping_node
  File "D:\a\yasb\yasb\venv\Lib\site-packages\yaml\composer.py", line 84, in compose_node
  File "D:\a\yasb\yasb\venv\Lib\site-packages\yaml\composer.py", line 133, in compose_mapping_node
  File "D:\a\yasb\yasb\venv\Lib\site-packages\yaml\composer.py", line 84, in compose_node
  File "D:\a\yasb\yasb\venv\Lib\site-packages\yaml\composer.py", line 133, in compose_mapping_node
  File "D:\a\yasb\yasb\venv\Lib\site-packages\yaml\composer.py", line 84, in compose_node
  File "D:\a\yasb\yasb\venv\Lib\site-packages\yaml\composer.py", line 133, in compose_mapping_node
  File "D:\a\yasb\yasb\venv\Lib\site-packages\yaml\composer.py", line 64, in compose_node
  File "D:\a\yasb\yasb\venv\Lib\site-packages\yaml\parser.py", line 98, in check_event
  File "D:\a\yasb\yasb\venv\Lib\site-packages\yaml\parser.py", line 449, in parse_block_mapping_value
  File "D:\a\yasb\yasb\venv\Lib\site-packages\yaml\scanner.py", line 116, in check_token
  File "D:\a\yasb\yasb\venv\Lib\site-packages\yaml\scanner.py", line 251, in fetch_more_tokens
  File "D:\a\yasb\yasb\venv\Lib\site-packages\yaml\scanner.py", line 655, in fetch_double
  File "D:\a\yasb\yasb\venv\Lib\site-packages\yaml\scanner.py", line 666, in fetch_flow_scalar
  File "D:\a\yasb\yasb\venv\Lib\site-packages\yaml\scanner.py", line 1152, in scan_flow_scalar
  File "D:\a\yasb\yasb\venv\Lib\site-packages\yaml\scanner.py", line 1213, in scan_flow_scalar_non_spaces
yaml.scanner.ScannerError: while scanning a double-quoted scalar
  in "C:\Users\kenneth.lieyanto\.config\yasb\config.yaml", line 266, column 18
expected escape sequence of 8 hexadecimal numbers, but found 's'
  in "C:\Users\kenneth.lieyanto\.config\yasb\config.yaml", line 266, column 30
2025-06-17 08:49:01,203 [INFO] [MainThread] [root/log.py:59]: YASB v1.7.5
2025-06-17 08:49:01,203 [INFO] [Thread-1 (_run_server)] [cli_server/cli_server.py:212]: CLI server started v1.1.1
2025-06-17 08:49:01,203 [INFO] [MainThread] [cli_server/cli_server.py:104]: Log pipe server started
2025-06-17 08:49:01,221 [DEBUG] [Thread-2 (_run_server)] [cli_server/cli_server.py:143]: Log pipe server client connected
2025-06-17 08:49:01,363 [DEBUG] [MainThread] [tzlocal/win32.py:55]: Looking up time zone info from registry
2025-06-17 08:49:01,508 [ERROR] [MainThread] [root/weather.py:168]: API key or location is missing. Please provide a valid API key and location.
2025-06-17 08:49:01,512 [DEBUG] [MainThread] [comtypes/__init__.py:149]: CoInitializeEx(None, 2)
2025-06-17 08:49:02,000 [INFO] [MainThread] [root/bar_manager.py:67]: Starting WindowsNotificationEventListener...
2025-06-17 08:49:02,000 [INFO] [MainThread] [root/bar_manager.py:67]: Starting KomorebiEventListener...
2025-06-17 08:49:02,003 [INFO] [MainThread] [root/bar_manager.py:67]: Starting SystemEventListener...
2025-06-17 08:49:02,003 [INFO] [MainThread] [root/watcher.py:55]: Created file watcher for path C:\Users\kenneth.lieyanto\.config\yasb
2025-06-17 08:49:02,016 [INFO] [Dummy-5] [root/event_listener.py:53]: Created named pipe yasb-3e4fd084-4b1d-11f0-af0b-f47b09de9b3e
2025-06-17 08:49:02,056 [DEBUG] [MainThread] [qasync._windows._EventPoller/_windows.py:213]: Starting (proactor: <_IocpProactor overlapped#=0 result#=0>)...
2025-06-17 08:49:02,056 [DEBUG] [Dummy-8] [qasync._windows._EventWorker/_windows.py:192]: Thread started
2025-06-17 08:49:02,148 [INFO] [Dummy-5] [root/event_listener.py:127]: Komorebi connected to named pipe: yasb-3e4fd084-4b1d-11f0-af0b-f47b09de9b3e
2025-06-17 08:49:59,783 [ERROR] [MainThread] [root/bar_manager.py:50]: Error loading config: while scanning a double-quoted scalar
  in "C:\Users\kenneth.lieyanto\.config\yasb\config.yaml", line 266, column 18
expected escape sequence of 8 hexadecimal numbers, but found 's'
  in "C:\Users\kenneth.lieyanto\.config\yasb\config.yaml", line 266, column 41
2025-06-17 08:50:26,533 [INFO] [Thread-1 (_run_server)] [cli_server/cli_server.py:253]: CLI server received command: stop
2025-06-17 08:50:26,533 [INFO] [Thread-1 (_run_server)] [root/controller.py:28]: Exiting Application from CLI...
2025-06-17 08:50:26,636 [INFO] [Thread-1 (_run_server)] [cli_server/cli_server.py:112]: Log pipe server stopped
2025-06-17 08:50:26,636 [DEBUG] [Thread-1 (_run_server)] [cli_server/cli_server.py:206]: CLI server stopped
2025-06-17 08:50:26,636 [DEBUG] [MainThread] [qasync._windows._EventPoller/_windows.py:218]: Stopping worker thread...
2025-06-17 08:50:26,651 [DEBUG] [Dummy-8] [qasync._windows._EventWorker/_windows.py:201]: Exiting thread
2025-06-17 08:50:26,654 [DEBUG] [MainThread] [qasync._windows._IocpProactor/_windows.py:75]: Closing
2025-06-17 08:50:28,881 [INFO] [MainThread] [root/log.py:59]: YASB v1.7.5
2025-06-17 08:50:28,881 [INFO] [Thread-1 (_run_server)] [cli_server/cli_server.py:212]: CLI server started v1.1.1
2025-06-17 08:50:28,883 [INFO] [MainThread] [cli_server/cli_server.py:104]: Log pipe server started
2025-06-17 08:50:28,913 [ERROR] [MainThread] [root/main.py:99]: Exception during application startup
Traceback (most recent call last):
  File "main.py", line 97, in <module>
  File "main.py", line 50, in main
  File "D:\a\yasb\yasb\src\core\config.py", line 149, in get_config_and_stylesheet
  File "D:\a\yasb\yasb\src\core\config.py", line 104, in get_config
  File "D:\a\yasb\yasb\venv\Lib\site-packages\yaml\__init__.py", line 125, in safe_load
  File "D:\a\yasb\yasb\venv\Lib\site-packages\yaml\__init__.py", line 81, in load
  File "D:\a\yasb\yasb\venv\Lib\site-packages\yaml\constructor.py", line 49, in get_single_data
  File "D:\a\yasb\yasb\venv\Lib\site-packages\yaml\composer.py", line 36, in get_single_node
  File "D:\a\yasb\yasb\venv\Lib\site-packages\yaml\composer.py", line 55, in compose_document
  File "D:\a\yasb\yasb\venv\Lib\site-packages\yaml\composer.py", line 84, in compose_node
  File "D:\a\yasb\yasb\venv\Lib\site-packages\yaml\composer.py", line 133, in compose_mapping_node
  File "D:\a\yasb\yasb\venv\Lib\site-packages\yaml\composer.py", line 84, in compose_node
  File "D:\a\yasb\yasb\venv\Lib\site-packages\yaml\composer.py", line 133, in compose_mapping_node
  File "D:\a\yasb\yasb\venv\Lib\site-packages\yaml\composer.py", line 84, in compose_node
  File "D:\a\yasb\yasb\venv\Lib\site-packages\yaml\composer.py", line 133, in compose_mapping_node
  File "D:\a\yasb\yasb\venv\Lib\site-packages\yaml\composer.py", line 84, in compose_node
  File "D:\a\yasb\yasb\venv\Lib\site-packages\yaml\composer.py", line 133, in compose_mapping_node
  File "D:\a\yasb\yasb\venv\Lib\site-packages\yaml\composer.py", line 84, in compose_node
  File "D:\a\yasb\yasb\venv\Lib\site-packages\yaml\composer.py", line 133, in compose_mapping_node
  File "D:\a\yasb\yasb\venv\Lib\site-packages\yaml\composer.py", line 64, in compose_node
  File "D:\a\yasb\yasb\venv\Lib\site-packages\yaml\parser.py", line 98, in check_event
  File "D:\a\yasb\yasb\venv\Lib\site-packages\yaml\parser.py", line 449, in parse_block_mapping_value
  File "D:\a\yasb\yasb\venv\Lib\site-packages\yaml\scanner.py", line 116, in check_token
  File "D:\a\yasb\yasb\venv\Lib\site-packages\yaml\scanner.py", line 251, in fetch_more_tokens
  File "D:\a\yasb\yasb\venv\Lib\site-packages\yaml\scanner.py", line 655, in fetch_double
  File "D:\a\yasb\yasb\venv\Lib\site-packages\yaml\scanner.py", line 666, in fetch_flow_scalar
  File "D:\a\yasb\yasb\venv\Lib\site-packages\yaml\scanner.py", line 1152, in scan_flow_scalar
  File "D:\a\yasb\yasb\venv\Lib\site-packages\yaml\scanner.py", line 1213, in scan_flow_scalar_non_spaces
yaml.scanner.ScannerError: while scanning a double-quoted scalar
  in "C:\Users\kenneth.lieyanto\.config\yasb\config.yaml", line 266, column 18
expected escape sequence of 8 hexadecimal numbers, but found 's'
  in "C:\Users\kenneth.lieyanto\.config\yasb\config.yaml", line 266, column 41
2025-06-17 08:50:56,526 [INFO] [MainThread] [root/log.py:59]: YASB v1.7.5
2025-06-17 08:50:56,526 [INFO] [Thread-1 (_run_server)] [cli_server/cli_server.py:212]: CLI server started v1.1.1
2025-06-17 08:50:56,526 [INFO] [MainThread] [cli_server/cli_server.py:104]: Log pipe server started
2025-06-17 08:50:56,594 [DEBUG] [Thread-2 (_run_server)] [cli_server/cli_server.py:143]: Log pipe server client connected
2025-06-17 08:50:56,675 [DEBUG] [MainThread] [tzlocal/win32.py:55]: Looking up time zone info from registry
2025-06-17 08:50:56,812 [ERROR] [MainThread] [root/weather.py:168]: API key or location is missing. Please provide a valid API key and location.
2025-06-17 08:50:56,817 [DEBUG] [MainThread] [comtypes/__init__.py:149]: CoInitializeEx(None, 2)
2025-06-17 08:50:57,284 [INFO] [MainThread] [root/bar_manager.py:67]: Starting KomorebiEventListener...
2025-06-17 08:50:57,291 [INFO] [MainThread] [root/bar_manager.py:67]: Starting SystemEventListener...
2025-06-17 08:50:57,291 [INFO] [MainThread] [root/bar_manager.py:67]: Starting WindowsNotificationEventListener...
2025-06-17 08:50:57,291 [INFO] [MainThread] [root/watcher.py:55]: Created file watcher for path C:\Users\kenneth.lieyanto\.config\yasb
2025-06-17 08:50:57,291 [INFO] [Dummy-5] [root/event_listener.py:53]: Created named pipe yasb-83073fc7-4b1d-11f0-a354-f47b09de9b3e
2025-06-17 08:50:57,346 [DEBUG] [MainThread] [qasync._windows._EventPoller/_windows.py:213]: Starting (proactor: <_IocpProactor overlapped#=0 result#=0>)...
2025-06-17 08:50:57,351 [DEBUG] [Dummy-8] [qasync._windows._EventWorker/_windows.py:192]: Thread started
2025-06-17 08:50:57,422 [INFO] [Dummy-5] [root/event_listener.py:127]: Komorebi connected to named pipe: yasb-83073fc7-4b1d-11f0-a354-f47b09de9b3e
2025-06-17 08:53:16,765 [INFO] [MainThread] [root/controller.py:13]: Reloading Application because of config change.
2025-06-17 08:53:16,874 [INFO] [MainThread] [cli_server/cli_server.py:112]: Log pipe server stopped
2025-06-17 08:53:16,874 [DEBUG] [MainThread] [cli_server/cli_server.py:206]: CLI server stopped
2025-06-17 08:53:16,891 [INFO] [MainThread] [root/bar_manager.py:58]: Successfully loaded updated config and re-initialised all bars.
2025-06-17 08:53:16,891 [DEBUG] [MainThread] [qasync._windows._EventPoller/_windows.py:218]: Stopping worker thread...
2025-06-17 08:53:16,906 [DEBUG] [Dummy-8] [qasync._windows._EventWorker/_windows.py:201]: Exiting thread
2025-06-17 08:53:16,908 [DEBUG] [MainThread] [qasync._windows._IocpProactor/_windows.py:75]: Closing
2025-06-17 08:53:17,425 [INFO] [MainThread] [root/log.py:59]: YASB v1.7.5
2025-06-17 08:53:17,425 [INFO] [Thread-1 (_run_server)] [cli_server/cli_server.py:212]: CLI server started v1.1.1
2025-06-17 08:53:17,425 [INFO] [MainThread] [cli_server/cli_server.py:104]: Log pipe server started
2025-06-17 08:53:17,502 [DEBUG] [Thread-2 (_run_server)] [cli_server/cli_server.py:143]: Log pipe server client connected
2025-06-17 08:53:17,594 [DEBUG] [MainThread] [tzlocal/win32.py:55]: Looking up time zone info from registry
2025-06-17 08:53:17,751 [ERROR] [MainThread] [root/weather.py:168]: API key or location is missing. Please provide a valid API key and location.
2025-06-17 08:53:17,751 [DEBUG] [MainThread] [comtypes/__init__.py:149]: CoInitializeEx(None, 2)
2025-06-17 08:53:18,313 [INFO] [MainThread] [root/bar_manager.py:67]: Starting SystemEventListener...
2025-06-17 08:53:18,313 [INFO] [MainThread] [root/bar_manager.py:67]: Starting WindowsNotificationEventListener...
2025-06-17 08:53:18,313 [INFO] [MainThread] [root/bar_manager.py:67]: Starting KomorebiEventListener...
2025-06-17 08:53:18,313 [INFO] [MainThread] [root/watcher.py:55]: Created file watcher for path C:\Users\kenneth.lieyanto\.config\yasb
2025-06-17 08:53:18,319 [INFO] [Dummy-5] [root/event_listener.py:53]: Created named pipe yasb-d71585d8-4b1d-11f0-9d60-f47b09de9b3e
2025-06-17 08:53:18,366 [DEBUG] [MainThread] [qasync._windows._EventPoller/_windows.py:213]: Starting (proactor: <_IocpProactor overlapped#=0 result#=0>)...
2025-06-17 08:53:18,366 [DEBUG] [Dummy-8] [qasync._windows._EventWorker/_windows.py:192]: Thread started
2025-06-17 08:53:18,468 [INFO] [Dummy-5] [root/event_listener.py:127]: Komorebi connected to named pipe: yasb-d71585d8-4b1d-11f0-9d60-f47b09de9b3e
2025-06-17 08:53:29,621 [INFO] [MainThread] [root/controller.py:13]: Reloading Application because of config change.
2025-06-17 08:53:29,734 [INFO] [MainThread] [cli_server/cli_server.py:112]: Log pipe server stopped
2025-06-17 08:53:29,734 [DEBUG] [MainThread] [cli_server/cli_server.py:206]: CLI server stopped
2025-06-17 08:53:29,743 [INFO] [MainThread] [root/bar_manager.py:58]: Successfully loaded updated config and re-initialised all bars.
2025-06-17 08:53:29,743 [DEBUG] [MainThread] [qasync._windows._EventPoller/_windows.py:218]: Stopping worker thread...
2025-06-17 08:53:29,750 [DEBUG] [Dummy-8] [qasync._windows._EventWorker/_windows.py:201]: Exiting thread
2025-06-17 08:53:29,750 [DEBUG] [MainThread] [qasync._windows._IocpProactor/_windows.py:75]: Closing
2025-06-17 08:53:30,212 [INFO] [MainThread] [root/log.py:59]: YASB v1.7.5
2025-06-17 08:53:30,212 [INFO] [Thread-1 (_run_server)] [cli_server/cli_server.py:212]: CLI server started v1.1.1
2025-06-17 08:53:30,212 [INFO] [MainThread] [cli_server/cli_server.py:104]: Log pipe server started
2025-06-17 08:53:30,231 [DEBUG] [Thread-2 (_run_server)] [cli_server/cli_server.py:143]: Log pipe server client connected
2025-06-17 08:53:30,383 [DEBUG] [MainThread] [tzlocal/win32.py:55]: Looking up time zone info from registry
2025-06-17 08:53:30,536 [ERROR] [MainThread] [root/weather.py:168]: API key or location is missing. Please provide a valid API key and location.
2025-06-17 08:53:30,540 [DEBUG] [MainThread] [comtypes/__init__.py:149]: CoInitializeEx(None, 2)
2025-06-17 08:53:31,117 [INFO] [MainThread] [root/bar_manager.py:67]: Starting WindowsNotificationEventListener...
2025-06-17 08:53:31,118 [INFO] [MainThread] [root/bar_manager.py:67]: Starting SystemEventListener...
2025-06-17 08:53:31,119 [INFO] [MainThread] [root/bar_manager.py:67]: Starting KomorebiEventListener...
2025-06-17 08:53:31,120 [ERROR] [MainThread] [root/widget_builder.py:88]: Failed to validate widget(s) due to invalid options  - obsidian_task
      class_name:
      - required field
      label_alt:
      - must be of string type
      
2025-06-17 08:53:31,126 [INFO] [Dummy-3] [root/event_listener.py:53]: Created named pipe yasb-deb7b488-4b1d-11f0-97fe-f47b09de9b3e
2025-06-17 08:53:31,402 [INFO] [Dummy-3] [root/event_listener.py:127]: Komorebi connected to named pipe: yasb-deb7b488-4b1d-11f0-97fe-f47b09de9b3e
2025-06-17 08:53:57,532 [INFO] [MainThread] [root/watcher.py:55]: Created file watcher for path C:\Users\kenneth.lieyanto\.config\yasb
2025-06-17 08:53:57,671 [DEBUG] [MainThread] [qasync._windows._EventPoller/_windows.py:213]: Starting (proactor: <_IocpProactor overlapped#=0 result#=0>)...
2025-06-17 08:53:57,679 [DEBUG] [Dummy-9] [qasync._windows._EventWorker/_windows.py:192]: Thread started
2025-06-17 08:54:01,461 [INFO] [MainThread] [root/controller.py:13]: Reloading Application because of config change.
2025-06-17 08:54:01,572 [INFO] [MainThread] [cli_server/cli_server.py:112]: Log pipe server stopped
2025-06-17 08:54:01,572 [DEBUG] [MainThread] [cli_server/cli_server.py:206]: CLI server stopped
2025-06-17 08:54:01,572 [INFO] [MainThread] [root/bar_manager.py:58]: Successfully loaded updated config and re-initialised all bars.
2025-06-17 08:54:01,572 [DEBUG] [MainThread] [qasync._windows._EventPoller/_windows.py:218]: Stopping worker thread...
2025-06-17 08:54:01,588 [DEBUG] [Dummy-9] [qasync._windows._EventWorker/_windows.py:201]: Exiting thread
2025-06-17 08:54:01,589 [DEBUG] [MainThread] [qasync._windows._IocpProactor/_windows.py:75]: Closing
2025-06-17 08:54:02,066 [INFO] [MainThread] [root/log.py:59]: YASB v1.7.5
2025-06-17 08:54:02,066 [INFO] [Thread-1 (_run_server)] [cli_server/cli_server.py:212]: CLI server started v1.1.1
2025-06-17 08:54:02,066 [INFO] [MainThread] [cli_server/cli_server.py:104]: Log pipe server started
2025-06-17 08:54:02,082 [DEBUG] [Thread-2 (_run_server)] [cli_server/cli_server.py:143]: Log pipe server client connected
2025-06-17 08:54:02,242 [DEBUG] [MainThread] [tzlocal/win32.py:55]: Looking up time zone info from registry
2025-06-17 08:54:02,393 [ERROR] [MainThread] [root/weather.py:168]: API key or location is missing. Please provide a valid API key and location.
2025-06-17 08:54:02,394 [DEBUG] [MainThread] [comtypes/__init__.py:149]: CoInitializeEx(None, 2)
2025-06-17 08:54:02,926 [INFO] [MainThread] [root/bar_manager.py:67]: Starting WindowsNotificationEventListener...
2025-06-17 08:54:02,926 [INFO] [MainThread] [root/bar_manager.py:67]: Starting SystemEventListener...
2025-06-17 08:54:02,929 [INFO] [MainThread] [root/bar_manager.py:67]: Starting KomorebiEventListener...
2025-06-17 08:54:02,929 [ERROR] [MainThread] [root/widget_builder.py:88]: Failed to validate widget(s) due to invalid options  - obsidian_task
      class_name:
      - required field
      label_alt:
      - must be of string type
      
2025-06-17 08:54:02,942 [INFO] [Dummy-3] [root/event_listener.py:53]: Created named pipe yasb-f1ad789b-4b1d-11f0-8a41-f47b09de9b3e
2025-06-17 08:54:03,198 [INFO] [Dummy-3] [root/event_listener.py:127]: Komorebi connected to named pipe: yasb-f1ad789b-4b1d-11f0-8a41-f47b09de9b3e
2025-06-17 08:54:24,631 [INFO] [MainThread] [root/watcher.py:55]: Created file watcher for path C:\Users\kenneth.lieyanto\.config\yasb
2025-06-17 08:54:24,738 [DEBUG] [MainThread] [qasync._windows._EventPoller/_windows.py:213]: Starting (proactor: <_IocpProactor overlapped#=0 result#=0>)...
2025-06-17 08:54:24,753 [DEBUG] [Dummy-9] [qasync._windows._EventWorker/_windows.py:192]: Thread started
2025-06-17 08:54:33,746 [INFO] [MainThread] [root/controller.py:13]: Reloading Application because of config change.
2025-06-17 08:54:33,857 [INFO] [MainThread] [cli_server/cli_server.py:112]: Log pipe server stopped
2025-06-17 08:54:33,857 [DEBUG] [MainThread] [cli_server/cli_server.py:206]: CLI server stopped
2025-06-17 08:54:33,861 [INFO] [MainThread] [root/bar_manager.py:58]: Successfully loaded updated config and re-initialised all bars.
2025-06-17 08:54:33,861 [DEBUG] [MainThread] [qasync._windows._EventPoller/_windows.py:218]: Stopping worker thread...
2025-06-17 08:54:33,873 [DEBUG] [Dummy-9] [qasync._windows._EventWorker/_windows.py:201]: Exiting thread
2025-06-17 08:54:33,873 [DEBUG] [MainThread] [qasync._windows._IocpProactor/_windows.py:75]: Closing
2025-06-17 08:54:34,364 [INFO] [MainThread] [root/log.py:59]: YASB v1.7.5
2025-06-17 08:54:34,364 [INFO] [Thread-1 (_run_server)] [cli_server/cli_server.py:212]: CLI server started v1.1.1
2025-06-17 08:54:34,365 [INFO] [MainThread] [cli_server/cli_server.py:104]: Log pipe server started
2025-06-17 08:54:34,462 [DEBUG] [Thread-2 (_run_server)] [cli_server/cli_server.py:143]: Log pipe server client connected
2025-06-17 08:54:34,534 [DEBUG] [MainThread] [tzlocal/win32.py:55]: Looking up time zone info from registry
2025-06-17 08:54:34,686 [ERROR] [MainThread] [root/weather.py:168]: API key or location is missing. Please provide a valid API key and location.
2025-06-17 08:54:34,693 [DEBUG] [MainThread] [comtypes/__init__.py:149]: CoInitializeEx(None, 2)
2025-06-17 08:54:35,264 [INFO] [MainThread] [root/bar_manager.py:67]: Starting WindowsNotificationEventListener...
2025-06-17 08:54:35,264 [INFO] [MainThread] [root/bar_manager.py:67]: Starting KomorebiEventListener...
2025-06-17 08:54:35,264 [INFO] [MainThread] [root/bar_manager.py:67]: Starting SystemEventListener...
2025-06-17 08:54:35,264 [ERROR] [MainThread] [root/widget_builder.py:88]: Failed to validate widget(s) due to invalid options  - obsidian_task
      class_name:
      - required field
      
2025-06-17 08:54:35,275 [INFO] [Dummy-3] [root/event_listener.py:53]: Created named pipe yasb-04f34b24-4b1e-11f0-9a51-f47b09de9b3e
2025-06-17 08:54:35,542 [INFO] [Dummy-3] [root/event_listener.py:127]: Komorebi connected to named pipe: yasb-04f34b24-4b1e-11f0-9a51-f47b09de9b3e
2025-06-17 08:55:51,438 [INFO] [MainThread] [root/watcher.py:55]: Created file watcher for path C:\Users\kenneth.lieyanto\.config\yasb
2025-06-17 08:55:51,918 [DEBUG] [MainThread] [qasync._windows._EventPoller/_windows.py:213]: Starting (proactor: <_IocpProactor overlapped#=0 result#=0>)...
2025-06-17 08:55:51,920 [DEBUG] [Dummy-9] [qasync._windows._EventWorker/_windows.py:192]: Thread started
2025-06-17 08:55:53,302 [INFO] [MainThread] [root/controller.py:13]: Reloading Application because of config change.
2025-06-17 08:55:53,413 [INFO] [MainThread] [cli_server/cli_server.py:112]: Log pipe server stopped
2025-06-17 08:55:53,413 [DEBUG] [MainThread] [cli_server/cli_server.py:206]: CLI server stopped
2025-06-17 08:55:53,420 [INFO] [MainThread] [root/bar_manager.py:58]: Successfully loaded updated config and re-initialised all bars.
2025-06-17 08:55:53,420 [DEBUG] [MainThread] [qasync._windows._EventPoller/_windows.py:218]: Stopping worker thread...
2025-06-17 08:55:53,428 [DEBUG] [Dummy-9] [qasync._windows._EventWorker/_windows.py:201]: Exiting thread
2025-06-17 08:55:53,431 [DEBUG] [MainThread] [qasync._windows._IocpProactor/_windows.py:75]: Closing
2025-06-17 08:55:53,462 [ERROR] [Dummy-3] [root/event_service.py:30]: Failed to emit signal <bound PYQT_SIGNAL k_signal_update of WorkspaceWidget object at 0x000002AFD1E25950>. Removing link to KomorebiEvent.KomorebiUpdate.
2025-06-17 08:55:55,368 [INFO] [MainThread] [root/log.py:59]: YASB v1.7.5
2025-06-17 08:55:55,370 [INFO] [Thread-1 (_run_server)] [cli_server/cli_server.py:212]: CLI server started v1.1.1
2025-06-17 08:55:55,370 [INFO] [MainThread] [cli_server/cli_server.py:104]: Log pipe server started
2025-06-17 08:55:55,383 [DEBUG] [Thread-2 (_run_server)] [cli_server/cli_server.py:143]: Log pipe server client connected
2025-06-17 08:55:55,883 [DEBUG] [MainThread] [tzlocal/win32.py:55]: Looking up time zone info from registry
2025-06-17 08:55:57,647 [ERROR] [MainThread] [root/weather.py:168]: API key or location is missing. Please provide a valid API key and location.
2025-06-17 08:55:57,670 [DEBUG] [MainThread] [comtypes/__init__.py:149]: CoInitializeEx(None, 2)
2025-06-17 08:55:58,426 [INFO] [MainThread] [root/bar_manager.py:67]: Starting SystemEventListener...
2025-06-17 08:55:58,427 [INFO] [MainThread] [root/bar_manager.py:67]: Starting KomorebiEventListener...
2025-06-17 08:55:58,427 [INFO] [MainThread] [root/bar_manager.py:67]: Starting WindowsNotificationEventListener...
2025-06-17 08:55:58,429 [ERROR] [MainThread] [root/widget_builder.py:88]: Failed to validate widget(s) due to invalid options  - obsidian_task
      class_name:
      - required field
      
2025-06-17 08:55:58,432 [INFO] [Dummy-3] [root/event_listener.py:53]: Created named pipe yasb-3684fee2-4b1e-11f0-98f1-f47b09de9b3e
2025-06-17 08:55:58,726 [INFO] [Dummy-3] [root/event_listener.py:127]: Komorebi connected to named pipe: yasb-3684fee2-4b1e-11f0-98f1-f47b09de9b3e
2025-06-17 08:59:21,847 [INFO] [MainThread] [root/watcher.py:55]: Created file watcher for path C:\Users\kenneth.lieyanto\.config\yasb
2025-06-17 08:59:22,005 [DEBUG] [MainThread] [qasync._windows._EventPoller/_windows.py:213]: Starting (proactor: <_IocpProactor overlapped#=0 result#=0>)...
2025-06-17 08:59:22,010 [DEBUG] [Dummy-9] [qasync._windows._EventWorker/_windows.py:192]: Thread started
2025-06-17 08:59:23,140 [INFO] [MainThread] [root/controller.py:13]: Reloading Application because of config change.
2025-06-17 08:59:23,252 [INFO] [MainThread] [cli_server/cli_server.py:112]: Log pipe server stopped
2025-06-17 08:59:23,252 [DEBUG] [MainThread] [cli_server/cli_server.py:206]: CLI server stopped
2025-06-17 08:59:23,257 [INFO] [MainThread] [root/bar_manager.py:58]: Successfully loaded updated config and re-initialised all bars.
2025-06-17 08:59:23,257 [DEBUG] [MainThread] [qasync._windows._EventPoller/_windows.py:218]: Stopping worker thread...
2025-06-17 08:59:23,267 [DEBUG] [Dummy-9] [qasync._windows._EventWorker/_windows.py:201]: Exiting thread
2025-06-17 08:59:23,267 [DEBUG] [MainThread] [qasync._windows._IocpProactor/_windows.py:75]: Closing
2025-06-17 08:59:23,780 [INFO] [MainThread] [root/log.py:59]: YASB v1.7.5
2025-06-17 08:59:23,780 [INFO] [Thread-1 (_run_server)] [cli_server/cli_server.py:212]: CLI server started v1.1.1
2025-06-17 08:59:23,780 [INFO] [MainThread] [cli_server/cli_server.py:104]: Log pipe server started
2025-06-17 08:59:23,799 [DEBUG] [Thread-2 (_run_server)] [cli_server/cli_server.py:143]: Log pipe server client connected
2025-06-17 08:59:23,934 [DEBUG] [MainThread] [tzlocal/win32.py:55]: Looking up time zone info from registry
2025-06-17 08:59:24,091 [ERROR] [MainThread] [root/weather.py:168]: API key or location is missing. Please provide a valid API key and location.
2025-06-17 08:59:24,096 [DEBUG] [MainThread] [comtypes/__init__.py:149]: CoInitializeEx(None, 2)
2025-06-17 08:59:24,684 [INFO] [MainThread] [root/bar_manager.py:67]: Starting KomorebiEventListener...
2025-06-17 08:59:24,684 [INFO] [MainThread] [root/bar_manager.py:67]: Starting WindowsNotificationEventListener...
2025-06-17 08:59:24,685 [INFO] [Dummy-4] [root/event_listener.py:53]: Created named pipe yasb-b1756a76-4b1e-11f0-92a0-f47b09de9b3e
2025-06-17 08:59:24,685 [INFO] [MainThread] [root/bar_manager.py:67]: Starting SystemEventListener...
2025-06-17 08:59:24,688 [INFO] [MainThread] [root/watcher.py:55]: Created file watcher for path C:\Users\kenneth.lieyanto\.config\yasb
2025-06-17 08:59:24,734 [DEBUG] [MainThread] [qasync._windows._EventPoller/_windows.py:213]: Starting (proactor: <_IocpProactor overlapped#=0 result#=0>)...
2025-06-17 08:59:24,743 [DEBUG] [Dummy-9] [qasync._windows._EventWorker/_windows.py:192]: Thread started
2025-06-17 08:59:24,819 [INFO] [Dummy-4] [root/event_listener.py:127]: Komorebi connected to named pipe: yasb-b1756a76-4b1e-11f0-92a0-f47b09de9b3e
2025-06-17 09:06:44,753 [INFO] [MainThread] [root/controller.py:13]: Reloading Application because of config change.
2025-06-17 09:06:44,854 [INFO] [MainThread] [cli_server/cli_server.py:112]: Log pipe server stopped
2025-06-17 09:06:44,854 [DEBUG] [MainThread] [cli_server/cli_server.py:206]: CLI server stopped
2025-06-17 09:06:44,894 [INFO] [MainThread] [root/bar_manager.py:58]: Successfully loaded updated config and re-initialised all bars.
2025-06-17 09:06:44,894 [DEBUG] [MainThread] [qasync._windows._EventPoller/_windows.py:218]: Stopping worker thread...
2025-06-17 09:06:44,908 [DEBUG] [Dummy-9] [qasync._windows._EventWorker/_windows.py:201]: Exiting thread
2025-06-17 09:06:44,910 [DEBUG] [MainThread] [qasync._windows._IocpProactor/_windows.py:75]: Closing
2025-06-17 09:06:45,431 [INFO] [MainThread] [root/log.py:59]: YASB v1.7.5
2025-06-17 09:06:45,432 [INFO] [Thread-1 (_run_server)] [cli_server/cli_server.py:212]: CLI server started v1.1.1
2025-06-17 09:06:45,433 [INFO] [MainThread] [cli_server/cli_server.py:104]: Log pipe server started
2025-06-17 09:06:45,490 [DEBUG] [Thread-2 (_run_server)] [cli_server/cli_server.py:143]: Log pipe server client connected
2025-06-17 09:06:45,594 [DEBUG] [MainThread] [tzlocal/win32.py:55]: Looking up time zone info from registry
2025-06-17 09:06:45,771 [ERROR] [MainThread] [root/weather.py:168]: API key or location is missing. Please provide a valid API key and location.
2025-06-17 09:06:45,775 [DEBUG] [MainThread] [comtypes/__init__.py:149]: CoInitializeEx(None, 2)
2025-06-17 09:06:46,331 [INFO] [MainThread] [root/bar_manager.py:67]: Starting SystemEventListener...
2025-06-17 09:06:46,331 [INFO] [MainThread] [root/bar_manager.py:67]: Starting KomorebiEventListener...
2025-06-17 09:06:46,332 [INFO] [MainThread] [root/bar_manager.py:67]: Starting WindowsNotificationEventListener...
2025-06-17 09:06:46,333 [INFO] [MainThread] [root/watcher.py:55]: Created file watcher for path C:\Users\kenneth.lieyanto\.config\yasb
2025-06-17 09:06:46,350 [INFO] [Dummy-6] [root/event_listener.py:53]: Created named pipe yasb-b8b35579-4b1f-11f0-b50d-f47b09de9b3e
2025-06-17 09:06:46,382 [DEBUG] [MainThread] [qasync._windows._EventPoller/_windows.py:213]: Starting (proactor: <_IocpProactor overlapped#=0 result#=0>)...
2025-06-17 09:06:46,386 [DEBUG] [Dummy-9] [qasync._windows._EventWorker/_windows.py:192]: Thread started
2025-06-17 09:06:46,479 [INFO] [Dummy-6] [root/event_listener.py:127]: Komorebi connected to named pipe: yasb-b8b35579-4b1f-11f0-b50d-f47b09de9b3e
2025-06-17 09:07:31,518 [ERROR] [Thread-2 (_run_server)] [cli_server/cli_server.py:160]: Write pong failed. Err: 232
2025-06-17 09:07:31,619 [DEBUG] [Thread-2 (_run_server)] [cli_server/cli_server.py:168]: Log pipe server client disconnected
